This file contains any messages produced by compilers while
running configure, to aid debugging if configure makes a mistake.

It was created by empty-space configure 0.9, which was
generated by GNU Autoconf 2.58.  Invocation command line was

  $ ./configure 

## --------- ##
## Platform. ##
## --------- ##

hostname = malus
uname -m = ppc
uname -r = 2.4.24-ben1
uname -s = Linux
uname -v = #1 Sat Feb 21 16:06:07 CET 2004

/usr/bin/uname -p = unknown
/bin/uname -X     = unknown

/bin/arch              = ppc
/usr/bin/arch -k       = unknown
/usr/convex/getsysinfo = unknown
hostinfo               = unknown
/bin/machine           = unknown
/usr/bin/oslevel       = unknown
/bin/universe          = unknown

PATH: ~/bin
PATH: /usr/bin
PATH: /bin
PATH: /usr/local/bin
PATH: /usr/bin/X11
PATH: /usr/games


## ----------- ##
## Core tests. ##
## ----------- ##

configure:1417: checking for C++ compiler version
configure:1420: /usr/bin/colorgcc --version </dev/null >&5
gcc (GCC) 3.3.4 (Debian 1:3.3.4-7)
Copyright (C) 2003 Free Software Foundation, Inc.
This is free software; see the source for copying conditions.  There is NO
warranty; not even for MERCHANTABILITY or FITNESS FOR A PARTICULAR PURPOSE.

configure:1423: $? = 0
configure:1425: /usr/bin/colorgcc -v </dev/null >&5
Reading specs from /usr/lib/gcc-lib/powerpc-linux/3.3.4/specs
Configured with: ../src/configure -v --enable-languages=c,c++,java,f77,pascal,objc,ada --prefix=/usr --mandir=/usr/share/man --infodir=/usr/share/info --with-gxx-include-dir=/usr/include/c++/3.3 --enable-shared --with-system-zlib --enable-nls --without-included-gettext --enable-__cxa_atexit --enable-clocale=gnu --enable-debug --enable-java-gc=boehm --enable-java-awt=xlib --enable-objc-gc --disable-multilib powerpc-linux
Thread model: posix
gcc version 3.3.4 (Debian 1:3.3.4-7)
configure:1428: $? = 0
configure:1430: /usr/bin/colorgcc -V </dev/null >&5
gcc: `-V' option must have argument
configure:1433: $? = 1
configure:1456: checking for C++ compiler default output file name
configure:1459: /usr/bin/colorgcc -g -O2   conftest.cc  >&5
configure:1462: $? = 0
configure:1508: result: a.out
configure:1513: checking whether the C++ compiler works
configure:1519: ./a.out
configure:1522: $? = 0
configure:1539: result: yes
configure:1546: checking whether we are cross compiling
configure:1548: result: no
configure:1551: checking for suffix of executables
configure:1553: /usr/bin/colorgcc -o conftest -g -O2   conftest.cc  >&5
configure:1556: $? = 0
configure:1581: result: 
configure:1587: checking for suffix of object files
configure:1608: /usr/bin/colorgcc -c -g -O2  conftest.cc >&5
configure:1611: $? = 0
configure:1633: result: o
configure:1637: checking whether we are using the GNU C++ compiler
configure:1661: /usr/bin/colorgcc -c -g -O2  conftest.cc >&5
configure:1667: $? = 0
configure:1670: test -z 			 || test ! -s conftest.err
configure:1673: $? = 0
configure:1676: test -s conftest.o
configure:1679: $? = 0
configure:1692: result: yes
configure:1698: checking whether /usr/bin/colorgcc accepts -g
configure:1719: /usr/bin/colorgcc -c -g  conftest.cc >&5
configure:1725: $? = 0
configure:1728: test -z 			 || test ! -s conftest.err
configure:1731: $? = 0
configure:1734: test -s conftest.o
configure:1737: $? = 0
configure:1748: result: yes
configure:1790: /usr/bin/colorgcc -c -g -O2  conftest.cc >&5
configure:1796: $? = 0
configure:1799: test -z 			 || test ! -s conftest.err
configure:1802: $? = 0
configure:1805: test -s conftest.o
configure:1808: $? = 0
configure:1834: /usr/bin/colorgcc -c -g -O2  conftest.cc >&5
conftest.cc: In function `int main()':
conftest.cc:13: error: `exit' undeclared (first use this function)
conftest.cc:13: error: (Each undeclared identifier is reported only once for 
   each function it appears in.)
configure:1840: $? = 1
configure: failed program was:
| /* confdefs.h.  */
| 
| #define PACKAGE_NAME "empty-space"
| #define PACKAGE_TARNAME "empty-space"
| #define PACKAGE_VERSION "0.9"
| #define PACKAGE_STRING "empty-space 0.9"
| #define PACKAGE_BUGREPORT "morten@debian.org"
| /* end confdefs.h.  */
| 
| int
| main ()
| {
| exit (42);
|   ;
|   return 0;
| }
configure:1790: /usr/bin/colorgcc -c -g -O2  conftest.cc >&5
configure:1796: $? = 0
configure:1799: test -z 			 || test ! -s conftest.err
configure:1802: $? = 0
configure:1805: test -s conftest.o
configure:1808: $? = 0
configure:1834: /usr/bin/colorgcc -c -g -O2  conftest.cc >&5
configure:1840: $? = 0
configure:1843: test -z 			 || test ! -s conftest.err
configure:1846: $? = 0
configure:1849: test -s conftest.o
configure:1852: $? = 0
configure:1913: checking for a BSD-compatible install
configure:1968: result: /usr/bin/install -c
configure:1979: checking whether make sets $(MAKE)
configure:1999: result: yes
configure:2015: checking build system type
configure:2033: result: powerpc-unknown-linux-gnu
configure:2041: checking host system type
configure:2055: result: powerpc-unknown-linux-gnu
configure:2167: checking for dlltool
configure:2196: result: no
configure:2252: checking for gcc
configure:2278: result: /usr/bin/colorgcc
configure:2522: checking for C compiler version
configure:2525: /usr/bin/colorgcc --version </dev/null >&5
gcc (GCC) 3.3.4 (Debian 1:3.3.4-7)
Copyright (C) 2003 Free Software Foundation, Inc.
This is free software; see the source for copying conditions.  There is NO
warranty; not even for MERCHANTABILITY or FITNESS FOR A PARTICULAR PURPOSE.

configure:2528: $? = 0
configure:2530: /usr/bin/colorgcc -v </dev/null >&5
Reading specs from /usr/lib/gcc-lib/powerpc-linux/3.3.4/specs
Configured with: ../src/configure -v --enable-languages=c,c++,java,f77,pascal,objc,ada --prefix=/usr --mandir=/usr/share/man --infodir=/usr/share/info --with-gxx-include-dir=/usr/include/c++/3.3 --enable-shared --with-system-zlib --enable-nls --without-included-gettext --enable-__cxa_atexit --enable-clocale=gnu --enable-debug --enable-java-gc=boehm --enable-java-awt=xlib --enable-objc-gc --disable-multilib powerpc-linux
Thread model: posix
gcc version 3.3.4 (Debian 1:3.3.4-7)
configure:2533: $? = 0
configure:2535: /usr/bin/colorgcc -V </dev/null >&5
gcc: `-V' option must have argument
configure:2538: $? = 1
configure:2541: checking whether we are using the GNU C compiler
configure:2565: /usr/bin/colorgcc -c -fmessage-length=200  -DLINUX -DGNU -DX11 conftest.c >&5
configure:2571: $? = 0
configure:2574: test -z 			 || test ! -s conftest.err
configure:2577: $? = 0
configure:2580: test -s conftest.o
configure:2583: $? = 0
configure:2596: result: yes
configure:2602: checking whether /usr/bin/colorgcc accepts -g
configure:2623: /usr/bin/colorgcc -c -g  -DLINUX -DGNU -DX11 conftest.c >&5
configure:2629: $? = 0
configure:2632: test -z 			 || test ! -s conftest.err
configure:2635: $? = 0
configure:2638: test -s conftest.o
configure:2641: $? = 0
configure:2652: result: yes
configure:2669: checking for /usr/bin/colorgcc option to accept ANSI C
configure:2739: /usr/bin/colorgcc  -c -fmessage-length=200  -DLINUX -DGNU -DX11 conftest.c >&5
configure:2745: $? = 0
configure:2748: test -z 			 || test ! -s conftest.err
configure:2751: $? = 0
configure:2754: test -s conftest.o
configure:2757: $? = 0
configure:2775: result: none needed
configure:2793: /usr/bin/colorgcc -c -fmessage-length=200  -DLINUX -DGNU -DX11 conftest.c >&5
conftest.c:2: error: parse error before "me"
configure:2799: $? = 1
configure: failed program was:
| #ifndef __cplusplus
|   choke me
| #endif
configure:2935: checking how to run the C preprocessor
configure:2970: /usr/bin/colorgcc -E  -DLINUX -DGNU -DX11 conftest.c
configure:2976: $? = 0
configure:3008: /usr/bin/colorgcc -E  -DLINUX -DGNU -DX11 conftest.c
conftest.c:12:28: ac_nonexistent.h: No such file or directory
configure:3014: $? = 1
configure: failed program was:
| /* confdefs.h.  */
| 
| #define PACKAGE_NAME "empty-space"
| #define PACKAGE_TARNAME "empty-space"
| #define PACKAGE_VERSION "0.9"
| #define PACKAGE_STRING "empty-space 0.9"
| #define PACKAGE_BUGREPORT "morten@debian.org"
| #ifdef __cplusplus
| extern "C" void std::exit (int) throw (); using std::exit;
| #endif
| /* end confdefs.h.  */
| #include <ac_nonexistent.h>
configure:3053: result: /usr/bin/colorgcc -E
configure:3077: /usr/bin/colorgcc -E  -DLINUX -DGNU -DX11 conftest.c
configure:3083: $? = 0
configure:3115: /usr/bin/colorgcc -E  -DLINUX -DGNU -DX11 conftest.c
conftest.c:12:28: ac_nonexistent.h: No such file or directory
configure:3121: $? = 1
configure: failed program was:
| /* confdefs.h.  */
| 
| #define PACKAGE_NAME "empty-space"
| #define PACKAGE_TARNAME "empty-space"
| #define PACKAGE_VERSION "0.9"
| #define PACKAGE_STRING "empty-space 0.9"
| #define PACKAGE_BUGREPORT "morten@debian.org"
| #ifdef __cplusplus
| extern "C" void std::exit (int) throw (); using std::exit;
| #endif
| /* end confdefs.h.  */
| #include <ac_nonexistent.h>
configure:3165: checking for egrep
configure:3175: result: grep -E
configure:3180: checking for ANSI C header files
configure:3205: /usr/bin/colorgcc -c -fmessage-length=200  -DLINUX -DGNU -DX11 conftest.c >&5
configure:3211: $? = 0
configure:3214: test -z 			 || test ! -s conftest.err
configure:3217: $? = 0
configure:3220: test -s conftest.o
configure:3223: $? = 0
configure:3312: /usr/bin/colorgcc -o conftest -fmessage-length=200  -DLINUX -DGNU -DX11  conftest.c  >&5
configure:3315: $? = 0
configure:3317: ./conftest
configure:3320: $? = 0
configure:3335: result: yes
configure:3359: checking for sys/types.h
configure:3375: /usr/bin/colorgcc -c -fmessage-length=200  -DLINUX -DGNU -DX11 conftest.c >&5
configure:3381: $? = 0
configure:3384: test -z 			 || test ! -s conftest.err
configure:3387: $? = 0
configure:3390: test -s conftest.o
configure:3393: $? = 0
configure:3404: result: yes
configure:3359: checking for sys/stat.h
configure:3375: /usr/bin/colorgcc -c -fmessage-length=200  -DLINUX -DGNU -DX11 conftest.c >&5
configure:3381: $? = 0
configure:3384: test -z 			 || test ! -s conftest.err
configure:3387: $? = 0
configure:3390: test -s conftest.o
configure:3393: $? = 0
configure:3404: result: yes
configure:3359: checking for stdlib.h
configure:3375: /usr/bin/colorgcc -c -fmessage-length=200  -DLINUX -DGNU -DX11 conftest.c >&5
configure:3381: $? = 0
configure:3384: test -z 			 || test ! -s conftest.err
configure:3387: $? = 0
configure:3390: test -s conftest.o
configure:3393: $? = 0
configure:3404: result: yes
configure:3359: checking for string.h
configure:3375: /usr/bin/colorgcc -c -fmessage-length=200  -DLINUX -DGNU -DX11 conftest.c >&5
configure:3381: $? = 0
configure:3384: test -z 			 || test ! -s conftest.err
configure:3387: $? = 0
configure:3390: test -s conftest.o
configure:3393: $? = 0
configure:3404: result: yes
configure:3359: checking for memory.h
configure:3375: /usr/bin/colorgcc -c -fmessage-length=200  -DLINUX -DGNU -DX11 conftest.c >&5
configure:3381: $? = 0
configure:3384: test -z 			 || test ! -s conftest.err
configure:3387: $? = 0
configure:3390: test -s conftest.o
configure:3393: $? = 0
configure:3404: result: yes
configure:3359: checking for strings.h
configure:3375: /usr/bin/colorgcc -c -fmessage-length=200  -DLINUX -DGNU -DX11 conftest.c >&5
configure:3381: $? = 0
configure:3384: test -z 			 || test ! -s conftest.err
configure:3387: $? = 0
configure:3390: test -s conftest.o
configure:3393: $? = 0
configure:3404: result: yes
configure:3359: checking for inttypes.h
configure:3375: /usr/bin/colorgcc -c -fmessage-length=200  -DLINUX -DGNU -DX11 conftest.c >&5
configure:3381: $? = 0
configure:3384: test -z 			 || test ! -s conftest.err
configure:3387: $? = 0
configure:3390: test -s conftest.o
configure:3393: $? = 0
configure:3404: result: yes
configure:3359: checking for stdint.h
configure:3375: /usr/bin/colorgcc -c -fmessage-length=200  -DLINUX -DGNU -DX11 conftest.c >&5
configure:3381: $? = 0
configure:3384: test -z 			 || test ! -s conftest.err
configure:3387: $? = 0
configure:3390: test -s conftest.o
configure:3393: $? = 0
configure:3404: result: yes
configure:3359: checking for unistd.h
configure:3375: /usr/bin/colorgcc -c -fmessage-length=200  -DLINUX -DGNU -DX11 conftest.c >&5
configure:3381: $? = 0
configure:3384: test -z 			 || test ! -s conftest.err
configure:3387: $? = 0
configure:3390: test -s conftest.o
configure:3393: $? = 0
configure:3404: result: yes
configure:3426: checking AL/altypes.h usability
configure:3438: /usr/bin/colorgcc -c -fmessage-length=200  -DLINUX -DGNU -DX11 conftest.c >&5
configure:3444: $? = 0
configure:3447: test -z 			 || test ! -s conftest.err
configure:3450: $? = 0
configure:3453: test -s conftest.o
configure:3456: $? = 0
configure:3466: result: yes
configure:3470: checking AL/altypes.h presence
configure:3480: /usr/bin/colorgcc -E  -DLINUX -DGNU -DX11 conftest.c
configure:3486: $? = 0
configure:3506: result: yes
configure:3541: checking for AL/altypes.h
configure:3548: result: yes
configure:3571: checking jpeglib.h usability
configure:3583: /usr/bin/colorgcc -c -fmessage-length=200  -DLINUX -DGNU -DX11 conftest.c >&5
configure:3589: $? = 0
configure:3592: test -z 			 || test ! -s conftest.err
configure:3595: $? = 0
configure:3598: test -s conftest.o
configure:3601: $? = 0
configure:3611: result: yes
configure:3615: checking jpeglib.h presence
configure:3625: /usr/bin/colorgcc -E  -DLINUX -DGNU -DX11 conftest.c
configure:3631: $? = 0
configure:3651: result: yes
configure:3686: checking for jpeglib.h
configure:3693: result: yes
configure:3716: checking zlib.h usability
configure:3728: /usr/bin/colorgcc -c -fmessage-length=200  -DLINUX -DGNU -DX11 conftest.c >&5
configure:3734: $? = 0
configure:3737: test -z 			 || test ! -s conftest.err
configure:3740: $? = 0
configure:3743: test -s conftest.o
configure:3746: $? = 0
configure:3756: result: yes
configure:3760: checking zlib.h presence
configure:3770: /usr/bin/colorgcc -E  -DLINUX -DGNU -DX11 conftest.c
configure:3776: $? = 0
configure:3796: result: yes
configure:3831: checking for zlib.h
configure:3838: result: yes
configure:3990: creating ./config.status

## ---------------------- ##
## Running config.status. ##
## ---------------------- ##

This file was extended by empty-space config.status 0.9, which was
generated by GNU Autoconf 2.58.  Invocation command line was

  CONFIG_FILES    = 
  CONFIG_HEADERS  = 
  CONFIG_LINKS    = 
  CONFIG_COMMANDS = 
  $ ./config.status 

on malus

config.status:700: creating Makefile
config.status:700: creating plugins/Makefile

## ---------------- ##
## Cache variables. ##
## ---------------- ##

ac_cv_build=powerpc-unknown-linux-gnu
ac_cv_build_alias=powerpc-unknown-linux-gnu
ac_cv_c_compiler_gnu=yes
ac_cv_cxx_compiler_gnu=yes
ac_cv_env_CC_set=set
ac_cv_env_CC_value=/usr/bin/colorgcc
ac_cv_env_CFLAGS_set=set
ac_cv_env_CFLAGS_value=-fmessage-length=200
ac_cv_env_CPPFLAGS_set=
ac_cv_env_CPPFLAGS_value=
ac_cv_env_CPP_set=
ac_cv_env_CPP_value=
ac_cv_env_CXXFLAGS_set=set
ac_cv_env_CXXFLAGS_value='-g -O2'
ac_cv_env_CXX_set=set
ac_cv_env_CXX_value=/usr/bin/colorgcc
ac_cv_env_LDFLAGS_set=
ac_cv_env_LDFLAGS_value=
ac_cv_env_build_alias_set=
ac_cv_env_build_alias_value=
ac_cv_env_host_alias_set=
ac_cv_env_host_alias_value=
ac_cv_env_target_alias_set=
ac_cv_env_target_alias_value=
ac_cv_exeext=
ac_cv_header_AL_altypes_h=yes
ac_cv_header_inttypes_h=yes
ac_cv_header_jpeglib_h=yes
ac_cv_header_memory_h=yes
ac_cv_header_stdc=yes
ac_cv_header_stdint_h=yes
ac_cv_header_stdlib_h=yes
ac_cv_header_string_h=yes
ac_cv_header_strings_h=yes
ac_cv_header_sys_stat_h=yes
ac_cv_header_sys_types_h=yes
ac_cv_header_unistd_h=yes
ac_cv_header_zlib_h=yes
ac_cv_host=powerpc-unknown-linux-gnu
ac_cv_host_alias=powerpc-unknown-linux-gnu
ac_cv_objext=o
ac_cv_path_install='/usr/bin/install -c'
ac_cv_prog_CPP='/usr/bin/colorgcc -E'
ac_cv_prog_ac_ct_CC=/usr/bin/colorgcc
ac_cv_prog_cc_g=yes
ac_cv_prog_cc_stdc=
ac_cv_prog_cxx_g=yes
ac_cv_prog_egrep='grep -E'
ac_cv_prog_make_make_set=yes

## ----------------- ##
## Output variables. ##
## ----------------- ##

CC='/usr/bin/colorgcc'
CFLAGS='-fmessage-length=200'
CPP='/usr/bin/colorgcc -E'
CPPFLAGS=' -DLINUX -DGNU -DX11'
CXX='/usr/bin/colorgcc'
CXXFLAGS='-g -O2 -fno-loop-optimize'
DEFS='-DPACKAGE_NAME=\"empty-space\" -DPACKAGE_TARNAME=\"empty-space\" -DPACKAGE_VERSION=\"0.9\" -DPACKAGE_STRING=\"empty-space\ 0.9\" -DPACKAGE_BUGREPORT=\"morten@debian.org\" -DSTDC_HEADERS=1 -DHAVE_SYS_TYPES_H=1 -DHAVE_SYS_STAT_H=1 -DHAVE_STDLIB_H=1 -DHAVE_STRING_H=1 -DHAVE_MEMORY_H=1 -DHAVE_STRINGS_H=1 -DHAVE_INTTYPES_H=1 -DHAVE_STDINT_H=1 -DHAVE_UNISTD_H=1 '
DLLTOOL=''
ECHO_C=''
ECHO_N='-n'
ECHO_T=''
EGREP='grep -E'
EXEEXT=''
GNU='1'
INSTALL_DATA='${INSTALL} -m 644'
INSTALL_PROGRAM='${INSTALL}'
INSTALL_SCRIPT='${INSTALL}'
LDFLAGS=''
LIBOBJS=''
LIBS=''
LINUX='1'
LTLIBOBJS=''
NULLSYS='0'
OBJEXT='o'
PACKAGE_BUGREPORT='morten@debian.org'
PACKAGE_NAME='empty-space'
PACKAGE_STRING='empty-space 0.9'
PACKAGE_TARNAME='empty-space'
PACKAGE_VERSION='0.9'
PATH_SEPARATOR=':'
SET_MAKE=''
SHELL='/bin/sh'
WIN32='0'
X11='1'
ac_ct_CC='/usr/bin/colorgcc'
ac_ct_CXX=''
ac_ct_DLLTOOL=''
bindir='${exec_prefix}/bin'
build='powerpc-unknown-linux-gnu'
build_alias=''
build_cpu='powerpc'
build_os='linux-gnu'
build_vendor='unknown'
datadir='${prefix}/share'
exec_prefix='${prefix}'
host='powerpc-unknown-linux-gnu'
host_alias=''
host_cpu='powerpc'
host_os='linux-gnu'
host_vendor='unknown'
includedir='${prefix}/include'
infodir='${prefix}/info'
libdir='${exec_prefix}/lib'
libexecdir='${exec_prefix}/libexec'
localstatedir='${prefix}/var'
mandir='${prefix}/man'
oldincludedir='/usr/include'
prefix='/usr/local'
program_transform_name='s,x,x,'
sbindir='${exec_prefix}/sbin'
sharedstatedir='${prefix}/com'
sysconfdir='${prefix}/etc'
target_alias=''

## ----------- ##
## confdefs.h. ##
## ----------- ##

#define HAVE_INTTYPES_H 1
#define HAVE_MEMORY_H 1
#define HAVE_STDINT_H 1
#define HAVE_STDLIB_H 1
#define HAVE_STRINGS_H 1
#define HAVE_STRING_H 1
#define HAVE_SYS_STAT_H 1
#define HAVE_SYS_TYPES_H 1
#define HAVE_UNISTD_H 1
#define PACKAGE_BUGREPORT "morten@debian.org"
#define PACKAGE_NAME "empty-space"
#define PACKAGE_STRING "empty-space 0.9"
#define PACKAGE_TARNAME "empty-space"
#define PACKAGE_VERSION "0.9"
#define STDC_HEADERS 1
#endif
#ifdef __cplusplus
extern "C" void std::exit (int) throw (); using std::exit;

configure: exit 0
